<?xml version="1.0" encoding="UTF-8"?>
<!-- Generated by org.testng.reporters.JUnitReportReporter -->
<testsuite skipped="0" hostname="ASDP1727PO02529" name="utils.LocatorReader" tests="1" failures="0" timestamp="24 Jul 2017 08:56:28 GMT" time="0.014" errors="0">
  <testcase name="ReadLocatorsFile" time="0.014" classname="utils.LocatorReader"/>
</testsuite> <!-- utils.LocatorReader -->
