<?xml version="1.0" encoding="UTF-8"?>
<!-- Generated by org.testng.reporters.JUnitReportReporter -->
<testsuite skipped="0" hostname="ASDP1727PO02529" name="com.qait.automation.hris.automation.HRISAutomation" tests="1" failures="0" timestamp="27 Jul 2017 11:03:29 GMT" time="5.188" errors="0">
  <testcase name="hrisautomation" time="5.188" classname="com.qait.automation.hris.automation.HRISAutomation"/>
</testsuite> <!-- com.qait.automation.hris.automation.HRISAutomation -->
