<?xml version="1.0" encoding="UTF-8"?>
<!-- Generated by org.testng.reporters.JUnitReportReporter -->
<testsuite skipped="0" hostname="ASDP1727PO02529" name="com.qait.automation.hris.automation.TestSessionInitiator" tests="1" failures="0" timestamp="28 Jul 2017 12:15:14 GMT" time="4.082" errors="0">
  <testcase name="initiateBrowser" time="4.082" classname="com.qait.automation.hris.automation.TestSessionInitiator"/>
</testsuite> <!-- com.qait.automation.hris.automation.TestSessionInitiator -->
