<?xml version="1.0" encoding="UTF-8"?>
<!-- Generated by org.testng.reporters.JUnitReportReporter -->
<testsuite skipped="0" hostname="ASDP1727PO02529" name="com.qait.automation.hris.test.HRISAutomation" tests="2" failures="0" timestamp="01 Sep 2017 10:42:46 GMT" time="11.232" errors="0">
  <testcase name="T1_verifyLoginFunctionality" time="8.650" classname="com.qait.automation.hris.test.HRISAutomation"/>
  <testcase name="T2_verifyRecordFetching" time="2.582" classname="com.qait.automation.hris.test.HRISAutomation"/>
</testsuite> <!-- com.qait.automation.hris.test.HRISAutomation -->
