<?xml version="1.0" encoding="UTF-8"?>
<!-- Generated by org.testng.reporters.JUnitReportReporter -->
<testsuite skipped="0" hostname="ASDP1727PO02529" name="com.qait.automation.hris.test.HRISAutomation" tests="2" failures="0" timestamp="31 Jul 2017 07:16:30 GMT" time="10.581" errors="0">
  <testcase name="T1_verifyLoginFunctionality" time="7.111" classname="com.qait.automation.hris.test.HRISAutomation"/>
  <testcase name="T2_verifyRecordFetching" time="3.470" classname="com.qait.automation.hris.test.HRISAutomation"/>
</testsuite> <!-- com.qait.automation.hris.test.HRISAutomation -->
