<?xml version="1.0" encoding="UTF-8"?>
<!-- Generated by org.testng.reporters.JUnitReportReporter -->
<testsuite skipped="0" hostname="ASDP1727PO02529" name="com.qait.automation.hris.automation.WebDrivers" tests="1" failures="0" timestamp="28 Jul 2017 09:54:32 GMT" time="0.018" errors="0">
  <testcase name="load_config_properties_file" time="0.018" classname="com.qait.automation.hris.automation.WebDrivers"/>
</testsuite> <!-- com.qait.automation.hris.automation.WebDrivers -->
